<?xml version="1.0" encoding="UTF-8"?>
<testsuite name="com.bridgelabz.EmployeePayRollServiceTest" tests="1" skipped="0" failures="0" errors="0" timestamp="2021-06-25T17:56:53" hostname="aswin-laptop" time="0.01">
  <properties/>
  <testcase name="givenFileOnReadingFromFileShouldMatchEmployeeCount" classname="com.bridgelabz.EmployeePayRollServiceTest" time="0.01"/>
  <system-out><![CDATA[]]></system-out>
  <system-err><![CDATA[]]></system-err>
</testsuite>
