<?xml version="1.0" encoding="UTF-8"?>
<testsuite name="com.bridgelabz.EmployeePayRollServiceTest" tests="1" skipped="0" failures="0" errors="0" timestamp="2021-06-26T14:41:53" hostname="aswin-laptop" time="0.721">
  <properties/>
  <testcase name="givenEmployeePayrollInDB_WhenRetrieved_ShouldMatchEmployeeCount" classname="com.bridgelabz.EmployeePayRollServiceTest" time="0.721"/>
  <system-out><![CDATA[Connecting to databasejdbc:mysql://localhost:3306/payroll_service?usessl=false
Connection is successful..com.mysql.cj.jdbc.ConnectionImpl@1ace57ae
[EmployeePayRollData{id=1, name='Bill', salary=100000.0, start=2018-01-03}, EmployeePayRollData{id=2, name='Terisa', salary=200000.0, start=2019-11-09}, EmployeePayRollData{id=3, name='Charlie', salary=300000.0, start=2020-09-04}]
]]></system-out>
  <system-err><![CDATA[]]></system-err>
</testsuite>
