<?xml version="1.0" encoding="UTF-8"?>
<testsuite name="com.bridgelabz.EmployeePayRollServiceTest" tests="1" skipped="0" failures="0" errors="0" timestamp="2021-06-28T16:08:08" hostname="aswin-laptop" time="0.799">
  <properties/>
  <testcase name="givenPayRollData_WhenAverageSalaryRetrievedByGender_ShouldReturnProperValue" classname="com.bridgelabz.EmployeePayRollServiceTest" time="0.799"/>
  <system-out><![CDATA[Connecting to databasejdbc:mysql://localhost:3306/payroll_service?usessl=false
Connection is successful..com.mysql.cj.jdbc.ConnectionImpl@1ace57ae
Connecting to databasejdbc:mysql://localhost:3306/payroll_service?usessl=false
Connection is successful..com.mysql.cj.jdbc.ConnectionImpl@43fa642
]]></system-out>
  <system-err><![CDATA[]]></system-err>
</testsuite>
